Iteration	Posterior	Likelihood	Prior	alpha	bl[1]	bl[2]	bl[3]	bl[4]	bl[5]	bl[6]	bl[7]	bl[8]	bl[9]	bl[10]	bl[11]	bl[12]	bl[13]	bl[14]	bl[15]	bl[16]	bl[17]	bl[18]	site_rates[1]	site_rates[2]	site_rates[3]	site_rates[4]	TL
0	-7294.613	-7301.902	7.289887	7.489121	0.00758122	0.0439552	0.276878	0.0110125	0.126639	0.0023123	0.391874	0.0244759	0.0929898	0.0587135	0.488006	0.036976	0.0509846	0.00391815	0.0372911	0.0218445	0.0444914	0.0132542	0.581101	0.846551	1.07782	1.49453	1.733198
10	-6551.053	-6554.238	3.185372	1.959169	0.0206092	0.190067	0.172946	0.0205042	0.222411	0.00497253	0.173953	0.171677	0.142732	0.193615	0.13319	0.0427184	0.283257	0.010393	0.0871778	0.0957578	0.135229	0.0424394	0.288351	0.6506	1.06893	1.99211	2.14365
20	-6403.083	-6396.426	-6.65685	2.720704	0.0356068	0.299128	0.125892	0.0548876	0.181536	0.0213302	0.242497	0.457374	0.364326	0.295859	0.0987576	0.0777953	0.232376	0.0194244	0.185157	0.198702	0.0603574	0.176866	0.36643	0.714789	1.08074	1.83804	3.127872
30	-6368.772	-6361.773	-6.999318	2.282717	0.0707453	0.17412	0.135718	0.0780377	0.135493	0.124912	0.284909	0.426679	0.301057	0.188713	0.109417	0.0641134	0.215519	0.0267725	0.159604	0.37622	0.0652268	0.224862	0.324838	0.682063	1.07569	1.91741	3.162118
40	-6373.176	-6365.299	-7.877411	3.394897	0.156427	0.258358	0.140812	0.0598323	0.0831125	0.174262	0.315862	0.433692	0.338406	0.308813	0.136013	0.10922	0.0911755	0.0345232	0.13589	0.280698	0.0644446	0.128387	0.417679	0.751287	1.08388	1.74716	3.249928
50	-6366.581	-6358.186	-8.394185	2.57999	0.16504	0.204496	0.116548	0.0371059	0.119256	0.14696	0.321984	0.428754	0.34549	0.233916	0.119181	0.0742441	0.198443	0.0332545	0.147893	0.369407	0.0431785	0.196453	0.353912	0.705257	1.07948	1.86135	3.301605
60	-6367.224	-6358.453	-8.770841	2.57238	0.254745	0.244667	0.153019	0.0381613	0.108529	0.168485	0.349491	0.39493	0.313414	0.244027	0.0919152	0.0405726	0.206968	0.035049	0.103658	0.449142	0.0594226	0.0830768	0.353213	0.704718	1.0794	1.86266	3.339271
70	-6370.956	-6363.665	-7.29051	1.902295	0.281508	0.142807	0.190607	0.0416719	0.0781067	0.171615	0.293965	0.342705	0.324133	0.310905	0.137232	0.0529937	0.234193	0.0529681	0.148785	0.280197	0.0488095	0.0580351	0.281326	0.644205	1.06734	2.00713	3.191238
80	-6364.972	-6358.013	-6.959067	2.578326	0.281508	0.189853	0.136931	0.0479998	0.111016	0.164223	0.30167	0.388961	0.331474	0.206805	0.150951	0.0573024	0.143401	0.063371	0.0996598	0.365321	0.0890762	0.0285713	0.353759	0.705139	1.07946	1.86164	3.158093
90	-6374.376	-6367.469	-6.907172	2.603742	0.231258	0.172097	0.191892	0.0885647	0.0943168	0.182968	0.232401	0.413218	0.24551	0.146226	0.061117	0.0958605	0.266785	0.0324309	0.0912747	0.427223	0.0841146	0.0956476	0.356077	0.706925	1.07971	1.85728	3.152904
100	-6363.426	-6356.198	-7.227893	3.108094	0.184686	0.201353	0.188798	0.0713466	0.108301	0.131751	0.267173	0.380774	0.388904	0.192892	0.0482159	0.10778	0.20526	0.0968902	0.0658965	0.375459	0.0629369	0.106558	0.397455	0.737342	1.083	1.7822	3.184976
110	-6366.641	-6359.454	-7.187119	3.466307	0.234057	0.168194	0.183357	0.0414965	0.129426	0.153373	0.234291	0.408792	0.312513	0.256488	0.0917997	0.0901217	0.166052	0.0530063	0.145851	0.388786	0.0535626	0.0697315	0.422402	0.754464	1.08402	1.73912	3.180899
120	-6368.16	-6360.352	-7.808104	2.699078	0.194705	0.118075	0.19845	0.0557232	0.0747564	0.19173	0.362324	0.484284	0.394239	0.171954	0.0998839	0.111896	0.187174	0.0428922	0.0803245	0.351713	0.0323856	0.0904882	0.364554	0.713377	1.08056	1.8415	3.242997
130	-6369.98	-6360.882	-9.097805	3.058478	0.169319	0.0902859	0.198778	0.0291566	0.0838706	0.158068	0.321685	0.465479	0.411729	0.199152	0.169838	0.158206	0.1822	0.0585761	0.0861769	0.413238	0.0529551	0.123253	0.393736	0.734715	1.08279	1.78876	3.371967
140	-6369.08	-6363.129	-5.951321	1.948309	0.187687	0.19533	0.146456	0.0473997	0.111292	0.155564	0.259028	0.381452	0.310952	0.229398	0.132085	0.141193	0.132361	0.0346395	0.0507324	0.312784	0.0997321	0.129235	0.287025	0.649402	1.06864	1.99493	3.057319
150	-6368.461	-6360.46	-8.001089	5.101683	0.0789037	0.201499	0.181426	0.0642505	0.0753954	0.157954	0.301781	0.349854	0.307559	0.20478	0.174347	0.117656	0.183174	0.077154	0.11053	0.385176	0.0782093	0.212645	0.506247	0.806356	1.08312	1.60428	3.262296
160	-6371.553	-6361.553	-9.999334	3.225631	0.105642	0.212881	0.206108	0.0715838	0.0851894	0.142528	0.269244	0.552615	0.52628	0.257638	0.0899266	0.103016	0.225479	0.0887953	0.0966196	0.210508	0.0391583	0.178907	0.405997	0.743302	1.08342	1.76728	3.46212
170	-6367.71	-6359.115	-8.595203	2.810526	0.136184	0.22424	0.183816	0.0772513	0.100504	0.140057	0.216587	0.544043	0.405317	0.23675	0.0933074	0.114981	0.138503	0.0634683	0.0601808	0.320408	0.0932166	0.17289	0.374051	0.720467	1.08141	1.82408	3.321707
180	-6369.995	-6361.625	-8.369777	3.286269	0.183363	0.274118	0.170762	0.0541943	0.147437	0.129717	0.258714	0.374931	0.260756	0.245549	0.123908	0.12679	0.15362	0.129861	0.0906806	0.351063	0.0561568	0.167543	0.410263	0.74624	1.08361	1.75989	3.299164
190	-6370.14	-6366.135	-4.005466	3.299885	0.201931	0.228176	0.167061	0.0628719	0.0885239	0.197641	0.280184	0.311276	0.28659	0.138987	0.037276	0.108874	0.20329	0.0849926	0.060141	0.242533	0.0768635	0.0855213	0.411209	0.746887	1.08364	1.75826	2.862733
200	-6374.393	-6364.275	-10.1182	2.513288	0.251949	0.187227	0.2365	0.0772853	0.17211	0.123547	0.34781	0.514076	0.260018	0.214201	0.061337	0.132979	0.225023	0.088044	0.0440256	0.400891	0.0412133	0.0957696	0.347713	0.700439	1.07878	1.87307	3.474006
210	-6366.194	-6356.696	-9.497908	2.359216	0.272484	0.163419	0.167008	0.0562029	0.109395	0.122027	0.231213	0.564862	0.354345	0.276154	0.0872451	0.135666	0.236047	0.0656559	0.093446	0.347397	0.057652	0.0717586	0.332689	0.688479	1.07684	1.90199	3.411977
220	-6369.503	-6363.799	-5.70378	3.472517	0.175708	0.21345	0.142871	0.0442403	0.133524	0.116625	0.24862	0.353881	0.322563	0.21978	0.136141	0.18908	0.202228	0.0736669	0.0971854	0.181772	0.0467908	0.134439	0.422807	0.754735	1.08403	1.73843	3.032565
230	-6372.048	-6362.567	-9.481013	4.086317	0.0810729	0.103061	0.197632	0.0805566	0.082382	0.197059	0.460834	0.410573	0.352519	0.254877	0.0789996	0.114973	0.170653	0.0638885	0.0587178	0.429363	0.057915	0.215213	0.459042	0.778142	1.08438	1.67844	3.410288
240	-6370.735	-6362.26	-8.474752	2.495179	0.0763486	0.217092	0.108209	0.0785602	0.150001	0.149783	0.314244	0.464808	0.44145	0.262572	0.0870596	0.0928123	0.192398	0.0322835	0.086193	0.294014	0.0679705	0.193862	0.345999	0.699095	1.07857	1.87633	3.309662
250	-6368.945	-6360.645	-8.300276	2.86983	0.252887	0.130117	0.219904	0.094752	0.067738	0.116907	0.339505	0.453684	0.362662	0.183245	0.0991657	0.0952665	0.204801	0.0530641	0.0958518	0.349573	0.081825	0.0912647	0.378934	0.724056	1.08179	1.81522	3.292214
260	-6370.364	-6365.6	-4.764	2.962556	0.251049	0.169612	0.192434	0.0476497	0.10342	0.147014	0.267529	0.244989	0.280638	0.211001	0.161149	0.172242	0.212575	0.0502164	0.0559288	0.254629	0.0649819	0.0515267	0.386344	0.729433	1.08232	1.8019	2.938587
270	-6365.308	-6358.387	-6.921142	3.919469	0.242055	0.145878	0.174356	0.0490891	0.1139	0.178804	0.267529	0.494039	0.352158	0.196017	0.0670042	0.124555	0.161285	0.0889619	0.0419658	0.336464	0.0578016	0.0624392	0.449883	0.772377	1.08441	1.69333	3.154301
280	-6366.698	-6358.579	-8.119612	3.746626	0.0763075	0.148255	0.192588	0.0449085	0.121666	0.119153	0.269081	0.471706	0.356441	0.223692	0.157379	0.141118	0.159562	0.0679454	0.102358	0.254381	0.0821834	0.285423	0.439877	0.765965	1.08435	1.70981	3.274148
290	-6369.096	-6361.426	-7.670703	5.012125	0.0843798	0.172119	0.160976	0.0382797	0.127769	0.154414	0.313733	0.399547	0.311598	0.276049	0.14514	0.0784332	0.132451	0.0377218	0.0694203	0.380624	0.117954	0.228647	0.50258	0.80425	1.08328	1.60989	3.229257
300	-6371.393	-6363.723	-7.670462	2.917197	0.0918121	0.143319	0.195325	0.0297764	0.0572837	0.179352	0.296772	0.472751	0.336522	0.226094	0.203239	0.094116	0.200211	0.0323989	0.0704511	0.235402	0.0936003	0.270807	0.382753	0.726838	1.08208	1.80833	3.229233
310	-6374.444	-6365.143	-9.300771	2.099409	0.168183	0.207677	0.192069	0.05754	0.0804962	0.169214	0.22805	0.432117	0.320124	0.254449	0.236303	0.127698	0.166857	0.0450953	0.12364	0.287032	0.0541936	0.241524	0.304859	0.665185	1.07229	1.95767	3.392264
320	-6375.264	-6365.322	-9.942149	5.393791	0.0764138	0.167072	0.180113	0.0641376	0.0888504	0.134358	0.176565	0.544	0.510291	0.199523	0.11496	0.103625	0.238871	0.0816352	0.0668714	0.313349	0.0967327	0.299034	0.517654	0.812823	1.08256	1.58697	3.456402
330	-6364.724	-6358.749	-5.975181	4.256209	0.0525477	0.134222	0.149885	0.0462967	0.0713724	0.147608	0.281766	0.42619	0.31577	0.265024	0.0672684	0.149285	0.174735	0.0579556	0.0937882	0.3095	0.0665607	0.249929	0.467906	0.783628	1.08428	1.66418	3.059705
340	-6368.516	-6362.186	-6.329572	4.913779	0.0184888	0.171482	0.152084	0.0476353	0.150434	0.158066	0.204537	0.438732	0.283883	0.228324	0.0794311	0.121806	0.154305	0.08766	0.0796829	0.292315	0.11192	0.314358	0.498457	0.801865	1.08345	1.61623	3.095144
350	-6374.353	-6365.714	-8.639451	3.558016	0.0148204	0.168327	0.171712	0.0613902	0.123767	0.136575	0.241024	0.36211	0.325694	0.27406	0.0745737	0.0611242	0.269888	0.106606	0.0682475	0.511706	0.101147	0.25336	0.428301	0.75839	1.08416	1.72915	3.326132
360	-6373.69	-6366.174	-7.516022	2.104928	0.0110372	0.309622	0.136578	0.0422479	0.168524	0.126701	0.221422	0.401024	0.270242	0.240831	0.080292	0.0756665	0.22452	0.080861	0.107951	0.345206	0.0826984	0.288364	0.305486	0.665727	1.07241	1.95638	3.213789
370	-6369.828	-6363.014	-6.813746	3.145007	0.00599437	0.173724	0.188144	0.0539324	0.116189	0.116932	0.271707	0.340264	0.364385	0.237318	0.128064	0.05314	0.247413	0.0729291	0.102692	0.298886	0.0716919	0.300157	0.400178	0.739253	1.08314	1.77742	3.143561
380	-6368.872	-6363.869	-5.002286	4.415371	0.0087338	0.118053	0.185107	0.0667961	0.0883693	0.134098	0.244479	0.321172	0.269557	0.177146	0.0974538	0.0415597	0.229871	0.12801	0.121401	0.337712	0.0392193	0.353676	0.47582	0.78845	1.08414	1.65159	2.962415
390	-6367.449	-6361.533	-5.91645	2.857287	0.00989882	0.0943504	0.196647	0.0618013	0.11304	0.130698	0.234255	0.470615	0.321267	0.152505	0.0676233	0.0550784	0.181376	0.113161	0.148907	0.367241	0.0714489	0.263921	0.377911	0.723307	1.08171	1.81707	3.053832
400	-6373.093	-6365.608	-7.484892	7.332049	0.0242498	0.228159	0.201605	0.0703131	0.075409	0.15016	0.237683	0.246924	0.362942	0.239322	0.100335	0.0871327	0.216727	0.136415	0.151923	0.286817	0.0611335	0.333425	0.577204	0.844582	1.07818	1.50003	3.210676
410	-6366.833	-6360.328	-6.504309	3.407305	0.0839488	0.23145	0.188576	0.101328	0.133853	0.123542	0.24069	0.375224	0.294196	0.18718	0.106968	0.0768267	0.210828	0.101896	0.122374	0.27788	0.0529522	0.202906	0.418508	0.751847	1.0839	1.74574	3.112618
420	-6366.192	-6359.811	-6.381088	3.639666	0.0291804	0.202529	0.154891	0.0666393	0.07622	0.166547	0.292952	0.347953	0.342528	0.218532	0.15779	0.0999167	0.159384	0.0862553	0.0619141	0.294287	0.0675438	0.275234	0.433401	0.761748	1.08426	1.72059	3.100296
430	-6367.183	-6360.144	-7.03986	2.793889	0.0156988	0.227132	0.170591	0.0477934	0.116305	0.140826	0.231123	0.370585	0.26042	0.216824	0.126441	0.0552727	0.19124	0.10427	0.123464	0.359048	0.043191	0.365947	0.37266	0.719438	1.08129	1.82661	3.166173
440	-6369.355	-6359.405	-9.950108	2.905807	0.0391852	0.196846	0.122564	0.0657437	0.117132	0.119466	0.291602	0.505193	0.449699	0.206999	0.062768	0.111493	0.226251	0.0513005	0.135418	0.38623	0.0493043	0.320003	0.381841	0.726176	1.08201	1.80997	3.457197
450	-6366.401	-6356.168	-10.2328	3.067353	0.0396862	0.123045	0.144859	0.060331	0.103584	0.155067	0.320022	0.485929	0.364945	0.281453	0.098256	0.0758955	0.212537	0.0766734	0.107216	0.458493	0.102764	0.274712	0.394406	0.73519	1.08283	1.78757	3.485467
460	-6368.053	-6359.932	-8.121318	3.266965	0.0851047	0.165664	0.151153	0.0628419	0.147256	0.166833	0.207278	0.418418	0.293028	0.302423	0.113343	0.0915424	0.198576	0.0837117	0.153007	0.327287	0.0765947	0.230258	0.408915	0.745314	1.08355	1.76222	3.274318
470	-6362.81	-6357.28	-5.530677	4.20891	0.145086	0.131318	0.172222	0.0460787	0.10353	0.142311	0.271353	0.341128	0.30582	0.233093	0.0916327	0.0603933	0.185518	0.0584532	0.105646	0.374619	0.0881001	0.158953	0.465483	0.782137	1.08431	1.66807	3.015254
480	-6364.908	-6358.572	-6.336467	3.346342	0.136286	0.181226	0.16789	0.080221	0.10368	0.154635	0.259881	0.374013	0.38443	0.207269	0.154465	0.0628522	0.21182	0.0663551	0.0802762	0.225077	0.0747028	0.170754	0.414399	0.749064	1.08376	1.75277	3.095833
490	-6367.271	-6360.871	-6.400346	3.235103	0.173264	0.153279	0.125338	0.0600301	0.122394	0.123973	0.267059	0.359192	0.35638	0.208809	0.17618	0.0591423	0.117748	0.0974902	0.147287	0.329517	0.0898965	0.135243	0.40667	0.743767	1.08345	1.76611	3.102221
500	-6368.564	-6360.385	-8.179535	4.275198	0.126036	0.13095	0.178289	0.0764591	0.0738194	0.179322	0.280614	0.417563	0.443141	0.233262	0.107639	0.0577188	0.193775	0.0281638	0.112298	0.352291	0.0896914	0.199109	0.46887	0.784219	1.08427	1.66265	3.28014
510	-6372.457	-6365.002	-7.454406	2.17548	0.164293	0.0625803	0.123473	0.056099	0.0754768	0.15972	0.300288	0.349355	0.407197	0.231426	0.130462	0.0501912	0.230292	0.088909	0.0981312	0.476869	0.0527993	0.150066	0.313359	0.672464	1.07382	1.94036	3.207627
520	-6368.553	-6361.99	-6.563118	4.06272	0.0554222	0.0761716	0.208651	0.0803432	0.0821228	0.16612	0.326449	0.403337	0.376759	0.259308	0.11129	0.0708687	0.132985	0.118241	0.0978331	0.288326	0.0557142	0.208557	0.457775	0.77735	1.08439	1.68049	3.118499
530	-6367.681	-6361.591	-6.090598	4.408767	0.0329408	0.125956	0.183273	0.0389258	0.132049	0.126873	0.242064	0.329418	0.346556	0.331135	0.065549	0.0980357	0.184515	0.055078	0.121861	0.329329	0.0693467	0.25834	0.475499	0.788256	1.08415	1.6521	3.071247
540	-6371	-6362.442	-8.558026	2.691257	0.0543374	0.114358	0.127001	0.0339057	0.14195	0.171447	0.303173	0.525948	0.32515	0.303241	0.0718226	0.067857	0.241475	0.0711117	0.149362	0.348725	0.0378266	0.2293	0.363871	0.712861	1.0805	1.84277	3.317989
550	-6364.511	-6356.419	-8.091529	3.79394	0.192806	0.183284	0.142833	0.0590779	0.09731	0.151599	0.288209	0.426718	0.387489	0.228777	0.0853681	0.084832	0.179002	0.103768	0.175749	0.2791	0.0550912	0.150327	0.442671	0.767768	1.08437	1.70519	3.27134
560	-6367.387	-6357.999	-9.387836	4.682605	0.150561	0.151004	0.155251	0.0853085	0.148966	0.12321	0.270474	0.535443	0.41729	0.258881	0.0647348	0.0982708	0.211281	0.0836989	0.124286	0.319114	0.0528678	0.150327	0.488336	0.795935	1.08381	1.63192	3.40097
570	-6367.683	-6356.301	-11.38147	2.851569	0.203212	0.240992	0.222692	0.0558563	0.117014	0.17323	0.301491	0.523946	0.396898	0.221239	0.0689435	0.0546114	0.237222	0.0643391	0.141671	0.358829	0.0583578	0.159789	0.377443	0.722964	1.08168	1.81792	3.600333
580	-6370.365	-6362.177	-8.187989	4.105846	0.127477	0.211266	0.181649	0.0919507	0.138388	0.176667	0.25671	0.369795	0.363021	0.264041	0.206446	0.0795167	0.190297	0.0745477	0.084382	0.22932	0.0632823	0.17223	0.460084	0.778792	1.08437	1.67675	3.280986
590	-6364.786	-6355.674	-9.111665	3.69492	0.143045	0.235314	0.183413	0.0655759	0.130285	0.100837	0.307595	0.382107	0.390889	0.246849	0.0923699	0.0690831	0.204531	0.0916674	0.106887	0.337718	0.095586	0.189602	0.436775	0.763951	1.08431	1.71496	3.373353
600	-6374.043	-6365.853	-8.189957	7.056768	0.24741	0.183779	0.116448	0.0359366	0.134927	0.153335	0.272878	0.281097	0.340373	0.256815	0.104992	0.101821	0.237278	0.0823625	0.171308	0.386219	0.0872861	0.0869158	0.570097	0.840959	1.07882	1.51012	3.281182
610	-6364.614	-6357.815	-6.799021	3.409602	0.225824	0.150904	0.183652	0.0416426	0.0937532	0.135904	0.283982	0.461287	0.388852	0.171262	0.118543	0.0799931	0.139137	0.0650288	0.121465	0.2839	0.0830354	0.113923	0.418661	0.75195	1.08391	1.74548	3.142089
620	-6367.285	-6359.29	-7.994939	3.39691	0.270493	0.173243	0.161606	0.0459468	0.087536	0.186514	0.256063	0.546238	0.284728	0.215433	0.112082	0.0401473	0.249009	0.105163	0.0932328	0.302042	0.0903111	0.0418919	0.417813	0.751378	1.08388	1.74693	3.261681
630	-6364.052	-6355.81	-8.242157	3.537255	0.2844	0.159546	0.161507	0.0598036	0.102368	0.151718	0.298361	0.502391	0.329007	0.186054	0.0890334	0.0602998	0.176874	0.0866727	0.101038	0.363247	0.0788111	0.095269	0.426981	0.757515	1.08413	1.73137	3.286402
640	-6364.648	-6358.55	-6.097401	4.346554	0.180229	0.12948	0.151924	0.0681186	0.102151	0.156471	0.22029	0.380712	0.347922	0.246439	0.110254	0.0731723	0.24622	0.0496636	0.105781	0.329288	0.0585758	0.115235	0.472443	0.786401	1.08421	1.65695	3.071927
650	-6363.267	-6357.698	-5.569196	4.223966	0.12914	0.177784	0.20056	0.0773624	0.0952429	0.156544	0.237717	0.371469	0.30446	0.234376	0.115151	0.056115	0.165411	0.0886304	0.106456	0.253671	0.0817564	0.16726	0.466258	0.782615	1.0843	1.66682	3.019106
660	-6366.431	-6360.844	-5.586604	5.37343	0.0907217	0.218801	0.192322	0.0683699	0.0811374	0.196282	0.270728	0.330577	0.275117	0.217287	0.0993798	0.0492092	0.224128	0.0666062	0.111377	0.2398	0.0530078	0.235996	0.516885	0.812391	1.0826	1.58813	3.020847
670	-6372.281	-6362.963	-9.318066	2.838704	0.048339	0.222831	0.175468	0.0717204	0.128768	0.115832	0.281588	0.436106	0.276116	0.184108	0.127968	0.0269591	0.202645	0.137239	0.114902	0.475927	0.0952398	0.272235	0.376386	0.722187	1.08159	1.81983	3.393993
680	-6364.919	-6356.512	-8.407053	2.884558	0.115004	0.224477	0.172321	0.0657664	0.0945536	0.153382	0.302784	0.430203	0.318517	0.224009	0.109	0.062764	0.254566	0.0685389	0.0888193	0.329861	0.101519	0.186807	0.380129	0.724929	1.08188	1.81306	3.302892
690	-6370.253	-6362.815	-7.438554	2.203191	0.125235	0.112905	0.215063	0.0329213	0.113647	0.135303	0.260745	0.430203	0.409516	0.243058	0.107527	0.0579953	0.188643	0.0909231	0.167037	0.319736	0.0632599	0.132323	0.31638	0.675016	1.07433	1.93427	3.206042
700	-6369.585	-6360.734	-8.851097	3.367203	0.0924218	0.217169	0.161927	0.0644874	0.0861702	0.145053	0.361379	0.481239	0.400757	0.241845	0.170481	0.0827804	0.134986	0.0329508	0.0947316	0.32722	0.0499419	0.201756	0.415815	0.750026	1.08381	1.75035	3.347296
710	-6368.49	-6361.857	-6.633263	3.946162	0.0476644	0.232357	0.165581	0.05966	0.104072	0.133327	0.245712	0.363308	0.2998	0.273968	0.111414	0.0630979	0.232466	0.0470033	0.055694	0.32722	0.0615956	0.301574	0.45138	0.773327	1.08441	1.69089	3.125513
720	-6374.411	-6364.423	-9.987239	3.481773	0.043848	0.108497	0.161708	0.0564459	0.118935	0.163999	0.228663	0.385322	0.476587	0.231233	0.115431	0.123096	0.240952	0.0967895	0.157668	0.317012	0.118419	0.316305	0.42341	0.755138	1.08404	1.73741	3.460911
730	-6364.055	-6356.217	-7.838306	3.825656	0.0282497	0.236748	0.185014	0.0521863	0.117003	0.153725	0.259132	0.354964	0.365987	0.184173	0.0941528	0.0764081	0.205382	0.102314	0.0873753	0.36495	0.061463	0.316791	0.444521	0.768956	1.08439	1.70214	3.246017
740	-6368.476	-6359.357	-9.118033	3.808383	0.0481263	0.203135	0.168	0.0402922	0.132754	0.174479	0.317628	0.345385	0.414917	0.281394	0.123878	0.0784866	0.169812	0.0833794	0.165902	0.354502	0.0511088	0.22081	0.443516	0.768311	1.08438	1.70379	3.37399
750	-6366.99	-6360.116	-6.873693	3.77237	0.0895181	0.187692	0.198169	0.0499601	0.132879	0.0985142	0.312316	0.374534	0.34351	0.193914	0.0682496	0.0533261	0.175318	0.0876582	0.184804	0.306589	0.0720369	0.220569	0.441403	0.76695	1.08436	1.70728	3.149556
760	-6372.018	-6363.261	-8.756538	2.905523	0.111336	0.247237	0.171072	0.0645833	0.0695679	0.173002	0.283325	0.409372	0.379583	0.2394	0.0709806	0.0513478	0.257258	0.0816528	0.218134	0.283216	0.0517099	0.175062	0.381818	0.726159	1.08201	1.81001	3.33784
770	-6366.748	-6362.45	-4.297975	3.144477	0.178053	0.240599	0.117552	0.0454065	0.0955972	0.138863	0.19865	0.341548	0.338959	0.234691	0.0851891	0.0584731	0.156675	0.0891903	0.089015	0.252727	0.0960784	0.134718	0.400139	0.739226	1.08314	1.77749	2.891984
780	-6364.863	-6358.945	-5.91792	3.926946	0.137668	0.200096	0.177786	0.0564232	0.0879361	0.155395	0.252544	0.386358	0.305401	0.246328	0.107057	0.0593583	0.196534	0.0391065	0.156962	0.235412	0.0730883	0.180524	0.450303	0.772644	1.08441	1.69265	3.053979
790	-6368.698	-6362.546	-6.152249	7.488654	0.189381	0.227563	0.15891	0.0627467	0.115896	0.114944	0.264615	0.459002	0.270032	0.197901	0.0859245	0.0455012	0.170943	0.0543136	0.129537	0.292668	0.0783689	0.159165	0.58109	0.846545	1.07782	1.49455	3.077412
800	-6367.324	-6359.777	-7.546208	2.82647	0.176223	0.115449	0.159517	0.0664311	0.0962678	0.166524	0.314978	0.342714	0.397254	0.211033	0.0739711	0.0759789	0.287909	0.0915334	0.144408	0.290948	0.0693186	0.136349	0.375375	0.721444	1.08151	1.82167	3.216807
810	-6368.871	-6358.951	-9.919337	4.238053	0.186114	0.212688	0.192987	0.064673	0.154463	0.113897	0.249069	0.494252	0.422823	0.300527	0.060843	0.0754249	0.239277	0.0707869	0.103266	0.369733	0.0389689	0.104326	0.46698	0.783059	1.08429	1.66567	3.45412
820	-6372.511	-6364.808	-7.702852	2.60392	0.199603	0.152888	0.14557	0.0310163	0.163	0.0785225	0.267299	0.447842	0.467212	0.202503	0.13485	0.0664913	0.162366	0.0574996	0.147353	0.331343	0.0705526	0.10656	0.356093	0.706937	1.07972	1.85725	3.232472
830	-6370.259	-6361.57	-8.689428	3.252762	0.246172	0.282526	0.166843	0.0672855	0.140502	0.123834	0.322566	0.498148	0.404926	0.146114	0.0691375	0.0585187	0.233544	0.0463322	0.0973793	0.278365	0.0603498	0.0885871	0.407918	0.744628	1.08351	1.76395	3.331129
840	-6372.322	-6365.11	-7.21164	2.886551	0.235631	0.181211	0.179862	0.0729756	0.0835874	0.137678	0.274257	0.264148	0.364176	0.213077	0.0891061	0.108833	0.245746	0.106279	0.0627789	0.412176	0.0386076	0.113222	0.38029	0.725047	1.0819	1.81277	3.183351
850	-6366.409	-6358.314	-8.094552	4.155213	0.233518	0.132617	0.208402	0.0508782	0.131979	0.199362	0.258736	0.398431	0.357786	0.235868	0.13197	0.0821826	0.161916	0.0430113	0.116392	0.366581	0.0717305	0.0902807	0.462691	0.780411	1.08435	1.67255	3.271642
860	-6370.394	-6363.348	-7.046187	3.432859	0.2792	0.138582	0.190699	0.103569	0.10159	0.138924	0.220916	0.382499	0.301187	0.192106	0.070471	0.0919113	0.327551	0.081772	0.0968683	0.32446	0.0798818	0.0446163	0.420204	0.752989	1.08395	1.74285	3.166805
870	-6372.214	-6363.103	-9.111419	3.34561	0.272264	0.257136	0.21735	0.111705	0.0794004	0.178013	0.262456	0.296268	0.366242	0.277978	0.106858	0.0871088	0.212819	0.0424628	0.154232	0.353184	0.0439572	0.0538954	0.414349	0.74903	1.08376	1.75286	3.373329
880	-6368.941	-6361.078	-7.863148	4.504823	0.301964	0.170272	0.152355	0.0540129	0.150797	0.160526	0.215405	0.39118	0.410306	0.265494	0.0623153	0.0555064	0.171663	0.105172	0.11119	0.316963	0.119894	0.0334876	0.480113	0.791037	1.08404	1.64481	3.248501
890	-6371.644	-6363.765	-7.878687	3.803008	0.286739	0.240065	0.222248	0.0706589	0.0913311	0.122819	0.300806	0.53254	0.259613	0.18043	0.0876654	0.0959023	0.258207	0.0450873	0.085315	0.278311	0.0737933	0.0185236	0.443202	0.768109	1.08438	1.70431	3.250055
900	-6365.552	-6357.536	-8.016122	5.092606	0.241068	0.249648	0.158977	0.0360861	0.117004	0.170811	0.32262	0.325847	0.388371	0.222381	0.0995306	0.0634039	0.190162	0.0952015	0.12127	0.32273	0.0529077	0.0857804	0.505879	0.806146	1.08314	1.60484	3.263799
910	-6366.912	-6361.299	-5.613001	3.210567	0.189371	0.240944	0.146279	0.0695463	0.092321	0.117229	0.31688	0.438893	0.350627	0.22116	0.12872	0.0374182	0.154209	0.0871798	0.0786025	0.192787	0.056106	0.105213	0.404923	0.742558	1.08338	1.76914	3.023487
920	-6373.311	-6366.663	-6.648095	4.252488	0.214397	0.199296	0.18271	0.0290478	0.16296	0.180458	0.249603	0.236684	0.336427	0.184966	0.13044	0.0607201	0.201093	0.111649	0.133081	0.288707	0.0906079	0.13415	0.467717	0.783511	1.08428	1.66449	3.126996
930	-6371.122	-6363.391	-7.730762	4.506987	0.213753	0.146178	0.176075	0.0854734	0.0886233	0.182382	0.361291	0.372365	0.29303	0.215211	0.0998731	0.0635834	0.1404	0.05518	0.194116	0.363303	0.0377543	0.146673	0.480216	0.791098	1.08404	1.64465	3.235263
940	-6371.558	-6361.606	-9.952821	3.060138	0.128319	0.128932	0.218723	0.0418822	0.126692	0.123929	0.370201	0.345336	0.380707	0.274041	0.103828	0.0617958	0.142254	0.0826564	0.1338	0.547846	0.0678486	0.178677	0.393861	0.734804	1.0828	1.78854	3.457469
950	-6369.864	-6361.574	-8.290841	2.672126	0.137417	0.247247	0.193349	0.0533047	0.124712	0.125146	0.305574	0.351438	0.298208	0.207374	0.134618	0.0413825	0.190011	0.146745	0.104243	0.382383	0.100281	0.14784	0.362191	0.711591	1.08034	1.84588	3.291271
960	-6365.092	-6358.922	-6.170434	2.95486	0.148579	0.148453	0.16514	0.044954	0.120074	0.114847	0.224664	0.387804	0.31782	0.256903	0.112375	0.0548726	0.196853	0.104405	0.173434	0.300658	0.0510335	0.156361	0.385739	0.728998	1.08228	1.80298	3.07923
970	-6368.463	-6359.259	-9.204363	4.392233	0.11104	0.165764	0.170877	0.057465	0.113863	0.172981	0.340486	0.329971	0.397511	0.279328	0.153465	0.0554016	0.180535	0.0985727	0.176326	0.355983	0.038757	0.184298	0.474692	0.787767	1.08416	1.65338	3.382623
980	-6365.377	-6357.949	-7.427355	3.362159	0.16269	0.241384	0.135939	0.0549649	0.120391	0.149584	0.261144	0.376692	0.368634	0.250404	0.0495801	0.0554424	0.233206	0.0564724	0.109089	0.339669	0.042862	0.196773	0.415474	0.749794	1.0838	1.75093	3.204922
990	-6373.991	-6369.06	-4.930586	3.373315	0.147039	0.168528	0.22125	0.0655083	0.130132	0.117398	0.289532	0.254401	0.471742	0.138053	0.0781441	0.0698725	0.188878	0.0531534	0.113665	0.221517	0.0733266	0.153105	0.416228	0.750306	1.08383	1.74964	2.955245
1000	-6371.184	-6364.504	-6.680096	3.451483	0.176915	0.0679014	0.188647	0.0466354	0.094288	0.163113	0.347592	0.431216	0.267194	0.168773	0.0509534	0.0972277	0.188657	0.127079	0.093724	0.364677	0.0560753	0.199528	0.421431	0.753813	1.08399	1.74077	3.130196
